[[1;34mINFO[m] Scanning for projects...
[[1;34mINFO[m] 
[[1;34mINFO[m] [1m------------------< [0;36mcom.rulex:rulex-fraud-detection[0;1m >-------------------[m
[[1;34mINFO[m] [1mBuilding RULEX - Fraud Detection System 1.0.0[m
[[1;34mINFO[m] [1m--------------------------------[ jar ]---------------------------------[m
[[1;34mINFO[m] 
[[1;34mINFO[m] [1m--- [0;32mmaven-enforcer-plugin:3.5.0:enforce[m [1m(enforce-java-21)[m @ [36mrulex-fraud-detection[0;1m ---[m
[[1;34mINFO[m] Rule 0: org.apache.maven.enforcer.rules.version.RequireJavaVersion passed
[[1;34mINFO[m] 
[[1;34mINFO[m] [1m--- [0;32mmaven-resources-plugin:3.3.1:resources[m [1m(default-resources)[m @ [36mrulex-fraud-detection[0;1m ---[m
[[1;34mINFO[m] Copying 3 resources from src/main/resources to target/classes
[[1;34mINFO[m] Copying 56 resources from src/main/resources to target/classes
[[1;34mINFO[m] 
[[1;34mINFO[m] [1m--- [0;32mmaven-compiler-plugin:3.11.0:compile[m [1m(default-compile)[m @ [36mrulex-fraud-detection[0;1m ---[m
[[1;34mINFO[m] Nothing to compile - all classes are up to date
[[1;34mINFO[m] 
[[1;34mINFO[m] [1m--- [0;32mmaven-resources-plugin:3.3.1:testResources[m [1m(default-testResources)[m @ [36mrulex-fraud-detection[0;1m ---[m
[[1;34mINFO[m] Copying 12 resources from src/test/resources to target/test-classes
[[1;34mINFO[m] 
[[1;34mINFO[m] [1m--- [0;32mmaven-compiler-plugin:3.11.0:testCompile[m [1m(default-testCompile)[m @ [36mrulex-fraud-detection[0;1m ---[m
[[1;34mINFO[m] Changes detected - recompiling the module! :source
[[1;34mINFO[m] Compiling 46 source files with javac [debug release 21] to target/test-classes
[[1;34mINFO[m] 
[[1;34mINFO[m] [1m--- [0;32mmaven-surefire-plugin:3.5.4:test[m [1m(default-test)[m @ [36mrulex-fraud-detection[0;1m ---[m
[[1;34mINFO[m] Using auto detected provider org.apache.maven.surefire.junitplatform.JUnitPlatformProvider
[[1;34mINFO[m] 
[[1;34mINFO[m] -------------------------------------------------------
[[1;34mINFO[m]  T E S T S
[[1;34mINFO[m] -------------------------------------------------------
[[1;34mINFO[m] Running com.rulex.service.[1mRedisVelocityServiceTest[m
[[1;34mINFO[m] Running [1mPerformance - Lat√™ncia[m
Mockito is currently self-attaching to enable the inline-mock-maker. This will no longer work in future releases of the JDK. Please add Mockito as an agent to your build as described in Mockito's documentation: https://javadoc.io/doc/org.mockito/mockito-core/latest/org.mockito/org/mockito/Mockito.html#0.3
OpenJDK 64-Bit Server VM warning: Sharing is only supported for boot loader classes because bootstrap classpath has been appended
WARNING: A Java agent has been loaded dynamically (/home/ubuntu/.m2/repository/net/bytebuddy/byte-buddy-agent/1.17.8/byte-buddy-agent-1.17.8.jar)
WARNING: If a serviceability tool is in use, please run with -XX:+EnableDynamicAgentLoading to hide this warning
WARNING: If a serviceability tool is not in use, please run with -Djdk.instrument.traceUsage for more information
WARNING: Dynamic loading of agents will be disallowed by default in a future release
[[1;34mINFO[m] [1;32mTests run: [0;1;32m1[m, Failures: 0, Errors: 0, Skipped: 0, Time elapsed: 0.799 s -- in [1mPerformance - Lat√™ncia[m
[[1;34mINFO[m] Running [1mConvenience methods - M√©todos de conveni√™ncia[m
[[1;34mINFO[m] [1;32mTests run: [0;1;32m3[m, Failures: 0, Errors: 0, Skipped: 0, Time elapsed: 0.032 s -- in [1mConvenience methods - M√©todos de conveni√™ncia[m
[[1;34mINFO[m] Running [1mTime windows - Janelas temporais[m
[[1;34mINFO[m] [1;32mTests run: [0;1;32m1[m, Failures: 0, Errors: 0, Skipped: 0, Time elapsed: 0.016 s -- in [1mTime windows - Janelas temporais[m
[[1;34mINFO[m] Running [1mDistinct counts - Contagens distintas[m
[[1;34mINFO[m] [1;32mTests run: [0;1;32m3[m, Failures: 0, Errors: 0, Skipped: 0, Time elapsed: 0.027 s -- in [1mDistinct counts - Contagens distintas[m
[[1;34mINFO[m] Running [1mrecordTransaction - Registro de transa√ß√µes[m
[[1;34mINFO[m] [1;32mTests run: [0;1;32m4[m, Failures: 0, Errors: 0, Skipped: 0, Time elapsed: 0.029 s -- in [1mrecordTransaction - Registro de transa√ß√µes[m
[[1;34mINFO[m] Running [1mgetStats - Estat√≠sticas de velocidade[m
[[1;34mINFO[m] [1;32mTests run: [0;1;32m5[m, Failures: 0, Errors: 0, Skipped: 0, Time elapsed: 0.019 s -- in [1mgetStats - Estat√≠sticas de velocidade[m
[[1;34mINFO[m] [1mTests run: [0;1m0[m, Failures: 0, Errors: 0, Skipped: 0, Time elapsed: 0.970 s -- in com.rulex.service.[1mRedisVelocityServiceTest[m
[[1;34mINFO[m] Running [1mAuditService Tests[m
15:32:34.593 [main] ERROR com.rulex.service.AuditService -- Erro ao registrar auditoria de cria√ß√£o de regra
java.lang.RuntimeException: DB error
	at com.rulex.service.AuditService.logRuleCreated(AuditService.java:111)
	at com.rulex.service.AuditServiceTest.lambda$shouldHandleRepositoryExceptionGracefully$4(AuditServiceTest.java:109)
	at org.junit.jupiter.api.AssertDoesNotThrow.assertDoesNotThrow(AssertDoesNotThrow.java:49)
	at org.junit.jupiter.api.AssertDoesNotThrow.assertDoesNotThrow(AssertDoesNotThrow.java:36)
	at org.junit.jupiter.api.Assertions.assertDoesNotThrow(Assertions.java:3199)
	at com.rulex.service.AuditServiceTest.shouldHandleRepositoryExceptionGracefully(AuditServiceTest.java:109)
	at java.base/jdk.internal.reflect.DirectMethodHandleAccessor.invoke(DirectMethodHandleAccessor.java:103)
	at java.base/java.lang.reflect.Method.invoke(Method.java:580)
	at org.junit.platform.commons.util.ReflectionUtils.invokeMethod(ReflectionUtils.java:775)
	at org.junit.platform.commons.support.ReflectionSupport.invokeMethod(ReflectionSupport.java:479)
	at org.junit.jupiter.engine.execution.MethodInvocation.proceed(MethodInvocation.java:60)
	at org.junit.jupiter.engine.execution.InvocationInterceptorChain$ValidatingInvocation.proceed(InvocationInterceptorChain.java:131)
	at org.junit.jupiter.engine.extension.TimeoutExtension.intercept(TimeoutExtension.java:161)
	at org.junit.jupiter.engine.extension.TimeoutExtension.interceptTestableMethod(TimeoutExtension.java:152)
	at org.junit.jupiter.engine.extension.TimeoutExtension.interceptTestMethod(TimeoutExtension.java:91)
	at org.junit.jupiter.engine.execution.InterceptingExecutableInvoker$ReflectiveInterceptorCall.lambda$ofVoidMethod$0(InterceptingExecutableInvoker.java:112)
	at org.junit.jupiter.engine.execution.InterceptingExecutableInvoker.lambda$invoke$0(InterceptingExecutableInvoker.java:94)
	at org.junit.jupiter.engine.execution.InvocationInterceptorChain$InterceptedInvocation.proceed(InvocationInterceptorChain.java:106)
	at org.junit.jupiter.engine.execution.InvocationInterceptorChain.proceed(InvocationInterceptorChain.java:64)
	at org.junit.jupiter.engine.execution.InvocationInterceptorChain.chainAndInvoke(InvocationInterceptorChain.java:45)
	at org.junit.jupiter.engine.execution.InvocationInterceptorChain.invoke(InvocationInterceptorChain.java:37)
	at org.junit.jupiter.engine.execution.InterceptingExecutableInvoker.invoke(InterceptingExecutableInvoker.java:93)
	at org.junit.jupiter.engine.execution.InterceptingExecutableInvoker.invoke(InterceptingExecutableInvoker.java:87)
	at org.junit.jupiter.engine.descriptor.TestMethodTestDescriptor.lambda$invokeTestMethod$7(TestMethodTestDescriptor.java:216)
	at org.junit.platform.engine.support.hierarchical.ThrowableCollector.execute(ThrowableCollector.java:73)
	at org.junit.jupiter.engine.descriptor.TestMethodTestDescriptor.invokeTestMethod(TestMethodTestDescriptor.java:212)
	at org.junit.jupiter.engine.descriptor.TestMethodTestDescriptor.execute(TestMethodTestDescriptor.java:137)
	at org.junit.jupiter.engine.descriptor.TestMethodTestDescriptor.execute(TestMethodTestDescriptor.java:69)
	at org.junit.platform.engine.support.hierarchical.NodeTestTask.lambda$executeRecursively$6(NodeTestTask.java:156)
	at org.junit.platform.engine.support.hierarchical.ThrowableCollector.execute(ThrowableCollector.java:73)
	at org.junit.platform.engine.support.hierarchical.NodeTestTask.lambda$executeRecursively$8(NodeTestTask.java:146)
	at org.junit.platform.engine.support.hierarchical.Node.around(Node.java:137)
	at org.junit.platform.engine.support.hierarchical.NodeTestTask.lambda$executeRecursively$9(NodeTestTask.java:144)
	at org.junit.platform.engine.support.hierarchical.ThrowableCollector.execute(ThrowableCollector.java:73)
	at org.junit.platform.engine.support.hierarchical.NodeTestTask.executeRecursively(NodeTestTask.java:143)
	at org.junit.platform.engine.support.hierarchical.NodeTestTask.execute(NodeTestTask.java:100)
	at java.base/java.util.ArrayList.forEach(ArrayList.java:1596)
	at org.junit.platform.engine.support.hierarchical.SameThreadHierarchicalTestExecutorService.invokeAll(SameThreadHierarchicalTestExecutorService.java:41)
	at org.junit.platform.engine.support.hierarchical.NodeTestTask.lambda$executeRecursively$6(NodeTestTask.java:160)
	at org.junit.platform.engine.support.hierarchical.ThrowableCollector.execute(ThrowableCollector.java:73)
	at org.junit.platform.engine.support.hierarchical.NodeTestTask.lambda$executeRecursively$8(NodeTestTask.java:146)
	at org.junit.platform.engine.support.hierarchical.Node.around(Node.java:137)
	at org.junit.platform.engine.support.hierarchical.NodeTestTask.lambda$executeRecursively$9(NodeTestTask.java:144)
	at org.junit.platform.engine.support.hierarchical.ThrowableCollector.execute(ThrowableCollector.java:73)
	at org.junit.platform.engine.support.hierarchical.NodeTestTask.executeRecursively(NodeTestTask.java:143)
	at org.junit.platform.engine.support.hierarchical.NodeTestTask.execute(NodeTestTask.java:100)
	at java.base/java.util.ArrayList.forEach(ArrayList.java:1596)
	at org.junit.platform.engine.support.hierarchical.SameThreadHierarchicalTestExecutorService.invokeAll(SameThreadHierarchicalTestExecutorService.java:41)
	at org.junit.platform.engine.support.hierarchical.NodeTestTask.lambda$executeRecursively$6(NodeTestTask.java:160)
	at org.junit.platform.engine.support.hierarchical.ThrowableCollector.execute(ThrowableCollector.java:73)
	at org.junit.platform.engine.support.hierarchical.NodeTestTask.lambda$executeRecursively$8(NodeTestTask.java:146)
	at org.junit.platform.engine.support.hierarchical.Node.around(Node.java:137)
	at org.junit.platform.engine.support.hierarchical.NodeTestTask.lambda$executeRecursively$9(NodeTestTask.java:144)
	at org.junit.platform.engine.support.hierarchical.ThrowableCollector.execute(ThrowableCollector.java:73)
	at org.junit.platform.engine.support.hierarchical.NodeTestTask.executeRecursively(NodeTestTask.java:143)
	at org.junit.platform.engine.support.hierarchical.NodeTestTask.execute(NodeTestTask.java:100)
	at org.junit.platform.engine.support.hierarchical.SameThreadHierarchicalTestExecutorService.submit(SameThreadHierarchicalTestExecutorService.java:35)
	at org.junit.platform.engine.support.hierarchical.HierarchicalTestExecutor.execute(HierarchicalTestExecutor.java:57)
	at org.junit.platform.engine.support.hierarchical.HierarchicalTestEngine.execute(HierarchicalTestEngine.java:54)
	at org.junit.platform.launcher.core.EngineExecutionOrchestrator.execute(EngineExecutionOrchestrator.java:201)
	at org.junit.platform.launcher.core.EngineExecutionOrchestrator.execute(EngineExecutionOrchestrator.java:170)
	at org.junit.platform.launcher.core.EngineExecutionOrchestrator.execute(EngineExecutionOrchestrator.java:94)
	at org.junit.platform.launcher.core.EngineExecutionOrchestrator.lambda$execute$0(EngineExecutionOrchestrator.java:59)
	at org.junit.platform.launcher.core.EngineExecutionOrchestrator.withInterceptedStreams(EngineExecutionOrchestrator.java:142)
	at org.junit.platform.launcher.core.EngineExecutionOrchestrator.execute(EngineExecutionOrchestrator.java:58)
	at org.junit.platform.launcher.core.DefaultLauncher.execute(DefaultLauncher.java:103)
	at org.junit.platform.launcher.core.DefaultLauncher.execute(DefaultLauncher.java:85)
	at org.junit.platform.launcher.core.DelegatingLauncher.execute(DelegatingLauncher.java:47)
	at org.junit.platform.launcher.core.InterceptingLauncher.lambda$execute$1(InterceptingLauncher.java:39)
	at org.junit.platform.launcher.core.ClasspathAlignmentCheckingLauncherInterceptor.intercept(ClasspathAlignmentCheckingLauncherInterceptor.java:25)
	at org.junit.platform.launcher.core.InterceptingLauncher.execute(InterceptingLauncher.java:38)
	at org.junit.platform.launcher.core.DelegatingLauncher.execute(DelegatingLauncher.java:47)
	at org.apache.maven.surefire.junitplatform.LauncherAdapter.executeWithoutCancellationToken(LauncherAdapter.java:60)
	at org.apache.maven.surefire.junitplatform.LauncherAdapter.execute(LauncherAdapter.java:52)
	at org.apache.maven.surefire.junitplatform.JUnitPlatformProvider.execute(JUnitPlatformProvider.java:203)
	at org.apache.maven.surefire.junitplatform.JUnitPlatformProvider.invokeAllTests(JUnitPlatformProvider.java:168)
	at org.apache.maven.surefire.junitplatform.JUnitPlatformProvider.invoke(JUnitPlatformProvider.java:136)
	at org.apache.maven.surefire.booter.ForkedBooter.runSuitesInProcess(ForkedBooter.java:385)
	at org.apache.maven.surefire.booter.ForkedBooter.execute(ForkedBooter.java:162)
	at org.apache.maven.surefire.booter.ForkedBooter.run(ForkedBooter.java:507)
	at org.apache.maven.surefire.booter.ForkedBooter.main(ForkedBooter.java:495)
[[1;34mINFO[m] [1;32mTests run: [0;1;32m5[m, Failures: 0, Errors: 0, Skipped: 0, Time elapsed: 0.389 s -- in [1mAuditService Tests[m
[[1;34mINFO[m] Running com.rulex.service.[1mDatabaseRuleExecutorServiceTest[m
15:32:34.817 [main] INFO com.rulex.service.DatabaseRuleExecutorService -- Executando regras avan√ßadas do banco de dados para transa√ß√£o: tx-db-1
15:32:34.820 [main] INFO com.rulex.service.DatabaseRuleExecutorService -- Execu√ß√£o de regras avan√ßadas conclu√≠da. Resultado: FRAUD, Regras acionadas: 1
15:32:34.832 [main] INFO com.rulex.service.DatabaseRuleExecutorService -- Executando regras avan√ßadas do banco de dados para transa√ß√£o: tx-db-1
15:32:34.832 [main] INFO com.rulex.service.DatabaseRuleExecutorService -- Execu√ß√£o de regras avan√ßadas conclu√≠da. Resultado: FRAUD, Regras acionadas: 2
15:32:34.835 [main] INFO com.rulex.service.DatabaseRuleExecutorService -- Executando regras avan√ßadas do banco de dados para transa√ß√£o: tx-db-1
15:32:34.835 [main] INFO com.rulex.service.DatabaseRuleExecutorService -- Execu√ß√£o de regras avan√ßadas conclu√≠da. Resultado: APPROVED, Regras acionadas: 0
15:32:34.838 [main] INFO com.rulex.service.DatabaseRuleExecutorService -- Executando regras avan√ßadas do banco de dados para transa√ß√£o: tx-db-1
15:32:34.839 [main] INFO com.rulex.service.DatabaseRuleExecutorService -- Execu√ß√£o de regras avan√ßadas conclu√≠da. Resultado: SUSPICIOUS, Regras acionadas: 1
15:32:34.842 [main] INFO com.rulex.service.DatabaseRuleExecutorService -- Executando regras avan√ßadas do banco de dados para transa√ß√£o: tx-db-1
15:32:34.842 [main] INFO com.rulex.service.DatabaseRuleExecutorService -- Execu√ß√£o de regras avan√ßadas conclu√≠da. Resultado: FRAUD, Regras acionadas: 1
15:32:34.846 [main] INFO com.rulex.service.DatabaseRuleExecutorService -- Executando regras avan√ßadas do banco de dados para transa√ß√£o: tx-db-1
15:32:34.846 [main] INFO com.rulex.service.DatabaseRuleExecutorService -- Execu√ß√£o de regras avan√ßadas conclu√≠da. Resultado: APPROVED, Regras acionadas: 0
15:32:34.849 [main] INFO com.rulex.service.DatabaseRuleExecutorService -- Executando regras avan√ßadas do banco de dados para transa√ß√£o: tx-db-1
15:32:34.849 [main] INFO com.rulex.service.DatabaseRuleExecutorService -- Execu√ß√£o de regras avan√ßadas conclu√≠da. Resultado: APPROVED, Regras acionadas: 0
[[1;34mINFO[m] [1;32mTests run: [0;1;32m7[m, Failures: 0, Errors: 0, Skipped: 0, Time elapsed: 0.216 s -- in com.rulex.service.[1mDatabaseRuleExecutorServiceTest[m
[[1;34mINFO[m] Running com.rulex.service.[1mEnrichmentServiceTest[m
[[1;34mINFO[m] Running [1mgetMccRiskLevel - N√≠vel de Risco do MCC[m
[[1;34mINFO[m] [1;32mTests run: [0;1;32m3[m, Failures: 0, Errors: 0, Skipped: 0, Time elapsed: 0.114 s -- in [1mgetMccRiskLevel - N√≠vel de Risco do MCC[m
[[1;34mINFO[m] Running [1misHighRiskMcc - Verifica√ß√£o de MCC de Alto Risco[m
[[1;34mINFO[m] [1;32mTests run: [0;1;32m4[m, Failures: 0, Errors: 0, Skipped: 0, Time elapsed: 0.009 s -- in [1misHighRiskMcc - Verifica√ß√£o de MCC de Alto Risco[m
[[1;34mINFO[m] Running [1menrich - Enriquecimento Completo[m
15:32:34.998 [main] WARN com.rulex.service.EnrichmentService -- TransactionRequest √© null, retornando contexto de enriquecimento vazio
15:32:34.998 [main] WARN com.rulex.service.DerivedContext -- TransactionRequest √© null, retornando contexto vazio
[[1;34mINFO[m] [1;32mTests run: [0;1;32m3[m, Failures: 0, Errors: 0, Skipped: 0, Time elapsed: 0.021 s -- in [1menrich - Enriquecimento Completo[m
[[1;34mINFO[m] Running [1menrichMcc - Enriquecimento de MCC[m
[[1;34mINFO[m] [1;32mTests run: [0;1;32m4[m, Failures: 0, Errors: 0, Skipped: 0, Time elapsed: 0.008 s -- in [1menrichMcc - Enriquecimento de MCC[m
[[1;34mINFO[m] Running [1menrichBin - Enriquecimento de BIN[m
[[1;34mINFO[m] [1;32mTests run: [0;1;32m5[m, Failures: 0, Errors: 0, Skipped: 0, Time elapsed: 0.010 s -- in [1menrichBin - Enriquecimento de BIN[m
[[1;34mINFO[m] [1mTests run: [0;1m0[m, Failures: 0, Errors: 0, Skipped: 0, Time elapsed: 0.169 s -- in com.rulex.service.[1mEnrichmentServiceTest[m
[[1;34mINFO[m] Running [1mPayloadHashService Tests[m
[[1;34mINFO[m] [1;32mTests run: [0;1;32m8[m, Failures: 0, Errors: 0, Skipped: 0, Time elapsed: 0.021 s -- in [1mPayloadHashService Tests[m
[[1;34mINFO[m] Running [1mVelocityService[m
[[1;34mINFO[m] Running [1mVelocityStats[m
[[1;34mINFO[m] [1;32mTests run: [0;1;32m1[m, Failures: 0, Errors: 0, Skipped: 0, Time elapsed: 0.127 s -- in [1mVelocityStats[m
[[1;34mINFO[m] Running [1mCache management[m
15:32:35.186 [main] INFO com.rulex.service.VelocityService -- Cache de velocidade limpo
[[1;34mINFO[m] [1;32mTests run: [0;1;32m1[m, Failures: 0, Errors: 0, Skipped: 0, Time elapsed: 0.015 s -- in [1mCache management[m
[[1;34mINFO[m] Running [1mConvenience methods[m
[[1;34mINFO[m] [1;32mTests run: [0;1;32m4[m, Failures: 0, Errors: 0, Skipped: 0, Time elapsed: 0.014 s -- in [1mConvenience methods[m
[[1;34mINFO[m] Running [1mlogTransaction()[m
[[1;34mINFO[m] [1;32mTests run: [0;1;32m4[m, Failures: 0, Errors: 0, Skipped: 0, Time elapsed: 0.010 s -- in [1mlogTransaction()[m
[[1;34mINFO[m] Running [1mgetAggregation()[m
[[1;34mINFO[m] [1;32mTests run: [0;1;32m3[m, Failures: 0, Errors: 0, Skipped: 0, Time elapsed: 0.010 s -- in [1mgetAggregation()[m
[[1;34mINFO[m] Running [1mgetStats()[m
[[1;34mINFO[m] [1;32mTests run: [0;1;32m6[m, Failures: 0, Errors: 0, Skipped: 0, Time elapsed: 0.014 s -- in [1mgetStats()[m
[[1;34mINFO[m] [1mTests run: [0;1m0[m, Failures: 0, Errors: 0, Skipped: 0, Time elapsed: 0.196 s -- in [1mVelocityService[m
[[1;34mINFO[m] Running [1mRuleExportImportService Tests[m
[[1;34mINFO[m] Running [1mOp√ß√µes de Importa√ß√£o Padr√£o[m
15:32:35.464 [main] INFO com.rulex.service.RuleExportImportService -- Importando 1 regras
[[1;34mINFO[m] [1;32mTests run: [0;1;32m1[m, Failures: 0, Errors: 0, Skipped: 0, Time elapsed: 0.233 s -- in [1mOp√ß√µes de Importa√ß√£o Padr√£o[m
[[1;34mINFO[m] Running [1mResultado de Importa√ß√£o[m
15:32:35.491 [main] INFO com.rulex.service.RuleExportImportService -- Importando 1 regras
15:32:35.506 [main] INFO com.rulex.service.RuleExportImportService -- Importando 1 regras
15:32:35.520 [main] INFO com.rulex.service.RuleExportImportService -- Importando 1 regras
[[1;34mINFO[m] [1;32mTests run: [0;1;32m3[m, Failures: 0, Errors: 0, Skipped: 0, Time elapsed: 0.047 s -- in [1mResultado de Importa√ß√£o[m
[[1;34mINFO[m] Running [1mValida√ß√£o de Regras[m
[[1;34mINFO[m] [1;32mTests run: [0;1;32m5[m, Failures: 0, Errors: 0, Skipped: 0, Time elapsed: 0.009 s -- in [1mValida√ß√£o de Regras[m
[[1;34mINFO[m] Running [1mImporta√ß√£o de Regras[m
15:32:35.546 [main] INFO com.rulex.service.RuleExportImportService -- Importando 1 regras
15:32:35.562 [main] INFO com.rulex.service.RuleExportImportService -- Importando 1 regras
15:32:35.574 [main] INFO com.rulex.service.RuleExportImportService -- Importando 1 regras
15:32:35.585 [main] INFO com.rulex.service.RuleExportImportService -- Importando 1 regras
15:32:35.596 [main] INFO com.rulex.service.RuleExportImportService -- Importando 1 regras
15:32:35.606 [main] INFO com.rulex.service.RuleExportImportService -- Importando 1 regras
[[1;34mINFO[m] [1;32mTests run: [0;1;32m6[m, Failures: 0, Errors: 0, Skipped: 0, Time elapsed: 0.074 s -- in [1mImporta√ß√£o de Regras[m
[[1;34mINFO[m] Running [1mConvers√£o de Formatos[m
[[1;34mINFO[m] [1;32mTests run: [0;1;32m2[m, Failures: 0, Errors: 0, Skipped: 0, Time elapsed: 0.030 s -- in [1mConvers√£o de Formatos[m
[[1;34mINFO[m] Running [1mExporta√ß√£o de Regras[m
15:32:35.640 [main] INFO com.rulex.service.RuleExportImportService -- Exportando todas as regras no formato: JSON
15:32:35.643 [main] INFO com.rulex.service.RuleExportImportService -- Exportando todas as regras no formato: JSON
15:32:35.646 [main] INFO com.rulex.service.RuleExportImportService -- Exportando todas as regras no formato: JSON
15:32:35.648 [main] INFO com.rulex.service.RuleExportImportService -- Exportando 2 regras espec√≠ficas
[[1;34mINFO[m] [1;32mTests run: [0;1;32m4[m, Failures: 0, Errors: 0, Skipped: 0, Time elapsed: 0.011 s -- in [1mExporta√ß√£o de Regras[m
[[1;34mINFO[m] [1mTests run: [0;1m0[m, Failures: 0, Errors: 0, Skipped: 0, Time elapsed: 0.410 s -- in [1mRuleExportImportService Tests[m
[[1;34mINFO[m] Running [1mBloomFilterService Tests[m
[[1;34mINFO[m] Running [1mBloomResult Enum[m
[[1;34mINFO[m] [1;32mTests run: [0;1;32m1[m, Failures: 0, Errors: 0, Skipped: 0, Time elapsed: 0.051 s -- in [1mBloomResult Enum[m
[[1;34mINFO[m] Running [1mRebuild de Filtros[m
15:32:35.704 [main] INFO com.rulex.service.BloomFilterService -- Rebuilding Bloom filters from database...
15:32:35.708 [main] INFO com.rulex.service.BloomFilterService -- Bloom filters rebuilt in 2ms. Blacklist entries: 0, Whitelist entries: 0, Greylist entries: 0
[[1;34mINFO[m] [1;32mTests run: [0;1;32m1[m, Failures: 0, Errors: 0, Skipped: 0, Time elapsed: 0.006 s -- in [1mRebuild de Filtros[m
[[1;34mINFO[m] Running [1mCheckResult[m
[[1;34mINFO[m] [1;32mTests run: [0;1;32m2[m, Failures: 0, Errors: 0, Skipped: 0, Time elapsed: 0.003 s -- in [1mCheckResult[m
[[1;34mINFO[m] Running [1mValores Nulos e Vazios[m
[[1;34mINFO[m] [1;32mTests run: [0;1;32m3[m, Failures: 0, Errors: 0, Skipped: 0, Time elapsed: 0.003 s -- in [1mValores Nulos e Vazios[m
[[1;34mINFO[m] Running [1mPerformance[m
15:32:35.718 [main] INFO com.rulex.service.BloomFilterService -- Rebuilding Bloom filters from database...
15:32:35.719 [main] INFO com.rulex.service.BloomFilterService -- Bloom filters rebuilt in 1ms. Blacklist entries: 0, Whitelist entries: 0, Greylist entries: 0
15:32:35.725 [main] INFO com.rulex.service.BloomFilterService -- Rebuilding Bloom filters from database...
15:32:35.726 [main] INFO com.rulex.service.BloomFilterService -- Bloom filters rebuilt in 1ms. Blacklist entries: 0, Whitelist entries: 0, Greylist entries: 0
[[1;34mINFO[m] [1;32mTests run: [0;1;32m2[m, Failures: 0, Errors: 0, Skipped: 0, Time elapsed: 0.009 s -- in [1mPerformance[m
[[1;34mINFO[m] Running [1mIsolamento de Filtros[m
15:32:35.728 [main] INFO com.rulex.service.BloomFilterService -- Rebuilding Bloom filters from database...
15:32:35.729 [main] INFO com.rulex.service.BloomFilterService -- Bloom filters rebuilt in 1ms. Blacklist entries: 0, Whitelist entries: 0, Greylist entries: 0
15:32:35.753 [main] INFO com.rulex.service.BloomFilterService -- Rebuilding Bloom filters from database...
15:32:35.755 [main] INFO com.rulex.service.BloomFilterService -- Bloom filters rebuilt in 1ms. Blacklist entries: 0, Whitelist entries: 0, Greylist entries: 0
[[1;34mINFO[m] [1;32mTests run: [0;1;32m2[m, Failures: 0, Errors: 0, Skipped: 0, Time elapsed: 0.028 s -- in [1mIsolamento de Filtros[m
[[1;34mINFO[m] Running [1mTipos de Entidade[m
15:32:35.758 [main] INFO com.rulex.service.BloomFilterService -- Rebuilding Bloom filters from database...
15:32:35.759 [main] INFO com.rulex.service.BloomFilterService -- Bloom filters rebuilt in 1ms. Blacklist entries: 0, Whitelist entries: 0, Greylist entries: 0
15:32:35.760 [main] INFO com.rulex.service.BloomFilterService -- Rebuilding Bloom filters from database...
15:32:35.760 [main] INFO com.rulex.service.BloomFilterService -- Bloom filters rebuilt in 0ms. Blacklist entries: 0, Whitelist entries: 0, Greylist entries: 0
15:32:35.762 [main] INFO com.rulex.service.BloomFilterService -- Rebuilding Bloom filters from database...
15:32:35.762 [main] INFO com.rulex.service.BloomFilterService -- Bloom filters rebuilt in 0ms. Blacklist entries: 0, Whitelist entries: 0, Greylist entries: 0
15:32:35.764 [main] INFO com.rulex.service.BloomFilterService -- Rebuilding Bloom filters from database...
15:32:35.764 [main] INFO com.rulex.service.BloomFilterService -- Bloom filters rebuilt in 0ms. Blacklist entries: 0, Whitelist entries: 0, Greylist entries: 0
[[1;34mINFO[m] [1;32mTests run: [0;1;32m4[m, Failures: 0, Errors: 0, Skipped: 0, Time elapsed: 0.009 s -- in [1mTipos de Entidade[m
[[1;34mINFO[m] Running [1mEstat√≠sticas[m
15:32:35.766 [main] INFO com.rulex.service.BloomFilterService -- Rebuilding Bloom filters from database...
15:32:35.767 [main] INFO com.rulex.service.BloomFilterService -- Bloom filters rebuilt in 1ms. Blacklist entries: 0, Whitelist entries: 0, Greylist entries: 0
15:32:35.769 [main] INFO com.rulex.service.BloomFilterService -- Rebuilding Bloom filters from database...
15:32:35.769 [main] INFO com.rulex.service.BloomFilterService -- Bloom filters rebuilt in 0ms. Blacklist entries: 0, Whitelist entries: 0, Greylist entries: 0
15:32:35.771 [main] INFO com.rulex.service.BloomFilterService -- Rebuilding Bloom filters from database...
15:32:35.772 [main] INFO com.rulex.service.BloomFilterService -- Bloom filters rebuilt in 0ms. Blacklist entries: 0, Whitelist entries: 0, Greylist entries: 0
[[1;34mINFO[m] [1;32mTests run: [0;1;32m4[m, Failures: 0, Errors: 0, Skipped: 0, Time elapsed: 0.008 s -- in [1mEstat√≠sticas[m
[[1;34mINFO[m] Running [1mVerifica√ß√£o de Greylist[m
15:32:35.775 [main] INFO com.rulex.service.BloomFilterService -- Rebuilding Bloom filters from database...
15:32:35.775 [main] INFO com.rulex.service.BloomFilterService -- Bloom filters rebuilt in 0ms. Blacklist entries: 0, Whitelist entries: 0, Greylist entries: 0
15:32:35.777 [main] INFO com.rulex.service.BloomFilterService -- Rebuilding Bloom filters from database...
15:32:35.777 [main] INFO com.rulex.service.BloomFilterService -- Bloom filters rebuilt in 0ms. Blacklist entries: 0, Whitelist entries: 0, Greylist entries: 0
[[1;34mINFO[m] [1;32mTests run: [0;1;32m2[m, Failures: 0, Errors: 0, Skipped: 0, Time elapsed: 0.004 s -- in [1mVerifica√ß√£o de Greylist[m
[[1;34mINFO[m] Running [1mVerifica√ß√£o de Whitelist[m
15:32:35.779 [main] INFO com.rulex.service.BloomFilterService -- Rebuilding Bloom filters from database...
15:32:35.780 [main] INFO com.rulex.service.BloomFilterService -- Bloom filters rebuilt in 1ms. Blacklist entries: 0, Whitelist entries: 0, Greylist entries: 0
15:32:35.781 [main] INFO com.rulex.service.BloomFilterService -- Rebuilding Bloom filters from database...
15:32:35.781 [main] INFO com.rulex.service.BloomFilterService -- Bloom filters rebuilt in 0ms. Blacklist entries: 0, Whitelist entries: 0, Greylist entries: 0
[[1;34mINFO[m] [1;32mTests run: [0;1;32m2[m, Failures: 0, Errors: 0, Skipped: 0, Time elapsed: 0.004 s -- in [1mVerifica√ß√£o de Whitelist[m
[[1;34mINFO[m] Running [1mVerifica√ß√£o de Blacklist[m
15:32:35.784 [main] INFO com.rulex.service.BloomFilterService -- Rebuilding Bloom filters from database...
15:32:35.784 [main] INFO com.rulex.service.BloomFilterService -- Bloom filters rebuilt in 0ms. Blacklist entries: 0, Whitelist entries: 0, Greylist entries: 0
15:32:35.785 [main] INFO com.rulex.service.BloomFilterService -- Rebuilding Bloom filters from database...
15:32:35.786 [main] INFO com.rulex.service.BloomFilterService -- Bloom filters rebuilt in 1ms. Blacklist entries: 0, Whitelist entries: 0, Greylist entries: 0
15:32:35.787 [main] INFO com.rulex.service.BloomFilterService -- Rebuilding Bloom filters from database...
15:32:35.787 [main] INFO com.rulex.service.BloomFilterService -- Bloom filters rebuilt in 0ms. Blacklist entries: 0, Whitelist entries: 0, Greylist entries: 0
15:32:35.788 [main] INFO com.rulex.service.BloomFilterService -- Rebuilding Bloom filters from database...
15:32:35.789 [main] INFO com.rulex.service.BloomFilterService -- Bloom filters rebuilt in 1ms. Blacklist entries: 0, Whitelist entries: 0, Greylist entries: 0
[[1;34mINFO[m] [1;32mTests run: [0;1;32m4[m, Failures: 0, Errors: 0, Skipped: 0, Time elapsed: 0.006 s -- in [1mVerifica√ß√£o de Blacklist[m
[[1;34mINFO[m] [1mTests run: [0;1m0[m, Failures: 0, Errors: 0, Skipped: 0, Time elapsed: 0.140 s -- in [1mBloomFilterService Tests[m
[[1;34mINFO[m] Running [1mShadowModeService Tests[m
[[1;34mINFO[m] Running [1mRuleEvaluationResult[m
[[1;34mINFO[m] [1;32mTests run: [0;1;32m2[m, Failures: 0, Errors: 0, Skipped: 0, Time elapsed: 0.002 s -- in [1mRuleEvaluationResult[m
[[1;34mINFO[m] Running [1mA√ß√µes de Regras[m
[[1;34mINFO[m] [1;32mTests run: [0;1;32m3[m, Failures: 0, Errors: 0, Skipped: 0, Time elapsed: 0.324 s -- in [1mA√ß√µes de Regras[m
[[1;34mINFO[m] Running [1mReset de Estat√≠sticas[m
15:32:36.222 [main] INFO com.rulex.service.ShadowModeService -- Reset shadow stats for rule 1
[[1;34mINFO[m] [1;32mTests run: [0;1;32m1[m, Failures: 0, Errors: 0, Skipped: 0, Time elapsed: 0.103 s -- in [1mReset de Estat√≠sticas[m
[[1;34mINFO[m] Running [1mMarca√ß√£o de Fraude[m
[[1;34mINFO[m] [1;32mTests run: [0;1;32m1[m, Failures: 0, Errors: 0, Skipped: 0, Time elapsed: 0.103 s -- in [1mMarca√ß√£o de Fraude[m
[[1;34mINFO[m] Running [1mAvalia√ß√£o de Promo√ß√£o[m
[[1;34mINFO[m] [1;32mTests run: [0;1;32m2[m, Failures: 0, Errors: 0, Skipped: 0, Time elapsed: 0.107 s -- in [1mAvalia√ß√£o de Promo√ß√£o[m
[[1;34mINFO[m] Running [1mAvalia√ß√µes Recentes[m
[[1;34mINFO[m] [1;32mTests run: [0;1;32m3[m, Failures: 0, Errors: 0, Skipped: 0, Time elapsed: 0.211 s -- in [1mAvalia√ß√µes Recentes[m
[[1;34mINFO[m] Running [1mEstat√≠sticas de Shadow[m
[[1;34mINFO[m] [1;32mTests run: [0;1;32m4[m, Failures: 0, Errors: 0, Skipped: 0, Time elapsed: 0.312 s -- in [1mEstat√≠sticas de Shadow[m
[[1;34mINFO[m] Running [1mExecu√ß√£o de Regras Shadow[m
[[1;34mINFO[m] [1;32mTests run: [0;1;32m3[m, Failures: 0, Errors: 0, Skipped: 0, Time elapsed: 0.311 s -- in [1mExecu√ß√£o de Regras Shadow[m
[[1;34mINFO[m] [1mTests run: [0;1m0[m, Failures: 0, Errors: 0, Skipped: 0, Time elapsed: 1.484 s -- in [1mShadowModeService Tests[m
[[1;34mINFO[m] Running com.rulex.service.[1mDerivedContextTest[m
[[1;34mINFO[m] Running [1mtoMap - Convers√£o para Map[m
15:32:37.278 [main] WARN com.rulex.service.DerivedContext -- TransactionRequest √© null, retornando contexto vazio
[[1;34mINFO[m] [1;32mTests run: [0;1;32m2[m, Failures: 0, Errors: 0, Skipped: 0, Time elapsed: 0.002 s -- in [1mtoMap - Convers√£o para Map[m
[[1;34mINFO[m] Running [1mfrom - Cria√ß√£o completa do DerivedContext[m
15:32:37.282 [main] WARN com.rulex.service.DerivedContext -- TransactionRequest √© null, retornando contexto vazio
[[1;34mINFO[m] [1;32mTests run: [0;1;32m3[m, Failures: 0, Errors: 0, Skipped: 0, Time elapsed: 0.003 s -- in [1mfrom - Cria√ß√£o completa do DerivedContext[m
[[1;34mINFO[m] Running [1mnormalizeCountryCode - Normaliza√ß√£o de C√≥digo de Pa√≠s[m
[[1;34mINFO[m] [1;32mTests run: [0;1;32m5[m, Failures: 0, Errors: 0, Skipped: 0, Time elapsed: 0.040 s -- in [1mnormalizeCountryCode - Normaliza√ß√£o de C√≥digo de Pa√≠s[m
[[1;34mINFO[m] Running [1mnormalizeState - Normaliza√ß√£o de Estado[m
[[1;34mINFO[m] [1;32mTests run: [0;1;32m4[m, Failures: 0, Errors: 0, Skipped: 0, Time elapsed: 0.005 s -- in [1mnormalizeState - Normaliza√ß√£o de Estado[m
[[1;34mINFO[m] Running [1mnormalizePostalCode - Normaliza√ß√£o de CEP[m
[[1;34mINFO[m] [1;32mTests run: [0;1;32m5[m, Failures: 0, Errors: 0, Skipped: 0, Time elapsed: 0.006 s -- in [1mnormalizePostalCode - Normaliza√ß√£o de CEP[m
[[1;34mINFO[m] Running [1mextractLast4 - Extra√ß√£o dos √∫ltimos 4 d√≠gitos[m
[[1;34mINFO[m] [1;32mTests run: [0;1;32m2[m, Failures: 0, Errors: 0, Skipped: 0, Time elapsed: 0.002 s -- in [1mextractLast4 - Extra√ß√£o dos √∫ltimos 4 d√≠gitos[m
[[1;34mINFO[m] Running [1mextractBin - Extra√ß√£o de BIN[m
[[1;34mINFO[m] [1;32mTests run: [0;1;32m2[m, Failures: 0, Errors: 0, Skipped: 0, Time elapsed: 0.001 s -- in [1mextractBin - Extra√ß√£o de BIN[m
[[1;34mINFO[m] Running [1mmaskPan - Mascaramento de PAN[m
[[1;34mINFO[m] [1;32mTests run: [0;1;32m5[m, Failures: 0, Errors: 0, Skipped: 0, Time elapsed: 0.003 s -- in [1mmaskPan - Mascaramento de PAN[m
[[1;34mINFO[m] Running [1mderiveTimestamp - LocalDate + LocalTime + gmtOffset ‚Üí OffsetDateTime[m
[[1;34mINFO[m] [1;32mTests run: [0;1;32m4[m, Failures: 0, Errors: 0, Skipped: 0, Time elapsed: 0.004 s -- in [1mderiveTimestamp - LocalDate + LocalTime + gmtOffset ‚Üí OffsetDateTime[m
[[1;34mINFO[m] Running [1mparseGmtOffset - String ‚Üí ZoneOffset[m
[[1;34mINFO[m] [1;32mTests run: [0;1;32m7[m, Failures: 0, Errors: 0, Skipped: 0, Time elapsed: 0.016 s -- in [1mparseGmtOffset - String ‚Üí ZoneOffset[m
[[1;34mINFO[m] Running [1mparseTime - Integer HHMMSS ‚Üí LocalTime[m
15:32:37.379 [main] WARN com.rulex.service.DerivedContext -- Falha ao parsear hora 250000: Text '250000' could not be parsed: Invalid value for HourOfDay (valid values 0 - 23): 25
15:32:37.380 [main] WARN com.rulex.service.DerivedContext -- Falha ao parsear hora 126000: Text '126000' could not be parsed: Invalid value for MinuteOfHour (valid values 0 - 59): 60
15:32:37.381 [main] WARN com.rulex.service.DerivedContext -- Falha ao parsear hora 120060: Text '120060' could not be parsed: Invalid value for SecondOfMinute (valid values 0 - 59): 60
15:32:37.382 [main] WARN com.rulex.service.DerivedContext -- Falha ao parsear hora -1: Text '-00001' could not be parsed at index 0
[[1;34mINFO[m] [1;32mTests run: [0;1;32m8[m, Failures: 0, Errors: 0, Skipped: 0, Time elapsed: 0.010 s -- in [1mparseTime - Integer HHMMSS ‚Üí LocalTime[m
[[1;34mINFO[m] Running [1mparseDate - Integer YYYYMMDD ‚Üí LocalDate[m
15:32:37.387 [main] WARN com.rulex.service.DerivedContext -- Falha ao parsear data 99999999: Text '99999999' could not be parsed: Invalid value for MonthOfYear (valid values 1 - 12): 99
15:32:37.389 [main] WARN com.rulex.service.DerivedContext -- Falha ao parsear data 20251301: Text '20251301' could not be parsed: Invalid value for MonthOfYear (valid values 1 - 12): 13
15:32:37.390 [main] WARN com.rulex.service.DerivedContext -- Falha ao parsear data 20251232: Text '20251232' could not be parsed: Invalid value for DayOfMonth (valid values 1 - 28/31): 32
15:32:37.391 [main] WARN com.rulex.service.DerivedContext -- Falha ao parsear data 0: Text '00000000' could not be parsed: Invalid value for MonthOfYear (valid values 1 - 12): 0
15:32:37.392 [main] WARN com.rulex.service.DerivedContext -- Falha ao parsear data -1: Text '-0000001' could not be parsed at index 0
[[1;34mINFO[m] [1;32mTests run: [0;1;32m8[m, Failures: 0, Errors: 0, Skipped: 0, Time elapsed: 0.010 s -- in [1mparseDate - Integer YYYYMMDD ‚Üí LocalDate[m
[[1;34mINFO[m] [1mTests run: [0;1m0[m, Failures: 0, Errors: 0, Skipped: 0, Time elapsed: 0.120 s -- in com.rulex.service.[1mDerivedContextTest[m
[[1;34mINFO[m] Running com.rulex.service.[1mRuleEngineServiceTest[m
[[1;34mINFO[m] [1;32mTests run: [0;1;32m27[m, Failures: 0, Errors: 0, Skipped: 0, Time elapsed: 0.539 s -- in com.rulex.service.[1mRuleEngineServiceTest[m
[[1;34mINFO[m] Running [1mDeviceFingerprintService Tests[m
[[1;34mINFO[m] Running [1mLimpeza de Fingerprints[m
15:32:37.940 [main] INFO com.rulex.service.DeviceFingerprintService -- Fingerprint cleanup complete. Active PANs: 5, Active devices: 1
[[1;34mINFO[m] [1;32mTests run: [0;1;32m1[m, Failures: 0, Errors: 0, Skipped: 0, Time elapsed: 0.004 s -- in [1mLimpeza de Fingerprints[m
[[1;34mINFO[m] Running [1mCampos de Fingerprint[m
[[1;34mINFO[m] [1;32mTests run: [0;1;32m4[m, Failures: 0, Errors: 0, Skipped: 0, Time elapsed: 0.002 s -- in [1mCampos de Fingerprint[m
[[1;34mINFO[m] Running [1mN√≠veis de Risco[m
[[1;34mINFO[m] [1;32mTests run: [0;1;32m4[m, Failures: 0, Errors: 0, Skipped: 0, Time elapsed: 0.005 s -- in [1mN√≠veis de Risco[m
[[1;34mINFO[m] Running [1mRisco de Dispositivo[m
[[1;34mINFO[m] [1;32mTests run: [0;1;32m3[m, Failures: 0, Errors: 0, Skipped: 0, Time elapsed: 0.003 s -- in [1mRisco de Dispositivo[m
[[1;34mINFO[m] Running [1mEstat√≠sticas[m
[[1;34mINFO[m] [1;32mTests run: [0;1;32m2[m, Failures: 0, Errors: 0, Skipped: 0, Time elapsed: 0.002 s -- in [1mEstat√≠sticas[m
[[1;34mINFO[m] Running [1mDetec√ß√£o de Spoofing[m
[[1;34mINFO[m] [1;32mTests run: [0;1;32m3[m, Failures: 0, Errors: 0, Skipped: 0, Time elapsed: 0.003 s -- in [1mDetec√ß√£o de Spoofing[m
[[1;34mINFO[m] Running [1mAn√°lise de Fingerprint[m
[[1;34mINFO[m] [1;32mTests run: [0;1;32m5[m, Failures: 0, Errors: 0, Skipped: 0, Time elapsed: 0.007 s -- in [1mAn√°lise de Fingerprint[m
[[1;34mINFO[m] [1mTests run: [0;1m0[m, Failures: 0, Errors: 0, Skipped: 0, Time elapsed: 0.038 s -- in [1mDeviceFingerprintService Tests[m
[[1;34mINFO[m] Running [1mGeoService[m
[[1;34mINFO[m] Running [1mderiveCoordinates[m
[[1;34mINFO[m] [1;32mTests run: [0;1;32m4[m, Failures: 0, Errors: 0, Skipped: 0, Time elapsed: 0.097 s -- in [1mderiveCoordinates[m
[[1;34mINFO[m] [1mTests run: [0;1m0[m, Failures: 0, Errors: 0, Skipped: 0, Time elapsed: 0.098 s -- in [1mGeoService[m
[[1;34mINFO[m] Running [1mRuleConfigurationService Tests[m
15:32:38.161 [main] INFO com.rulex.service.RuleConfigurationService -- Regra criada: NEW_RULE por usu√°rio: test-user de IP: 127.0.0.1
15:32:38.167 [main] INFO com.rulex.service.RuleConfigurationService -- Regra alternada: RULE_1 - Habilitada: false por usu√°rio: test-user
15:32:38.180 [main] INFO com.rulex.service.RuleConfigurationService -- Regra deletada: RULE_TO_DELETE por usu√°rio: test-user de IP: 127.0.0.1
[[1;34mINFO[m] [1;32mTests run: [0;1;32m8[m, Failures: 0, Errors: 0, Skipped: 0, Time elapsed: 0.106 s -- in [1mRuleConfigurationService Tests[m
[[1;34mINFO[m] Running com.rulex.service.[1mVelocityServiceFacadeTest[m
[[1;34mINFO[m] Running [1mAgrega√ß√µes[m
[[1;34mINFO[m] [1;32mTests run: [0;1;32m4[m, Failures: 0, Errors: 0, Skipped: 0, Time elapsed: 0.006 s -- in [1mAgrega√ß√µes[m
[[1;34mINFO[m] Running [1mM√©todos de conveni√™ncia[m
[[1;34mINFO[m] [1;32mTests run: [0;1;32m5[m, Failures: 0, Errors: 0, Skipped: 0, Time elapsed: 0.005 s -- in [1mM√©todos de conveni√™ncia[m
[[1;34mINFO[m] Running [1mQuando Redis est√° habilitado[m
15:32:38.198 [main] WARN com.rulex.service.VelocityServiceFacade -- Erro ao usar RedisVelocityService, fazendo fallback para banco: Redis error
[[1;34mINFO[m] [1;32mTests run: [0;1;32m4[m, Failures: 0, Errors: 0, Skipped: 0, Time elapsed: 0.004 s -- in [1mQuando Redis est√° habilitado[m
[[1;34mINFO[m] Running [1mQuando Redis est√° desabilitado[m
[[1;34mINFO[m] [1;32mTests run: [0;1;32m3[m, Failures: 0, Errors: 0, Skipped: 0, Time elapsed: 0.003 s -- in [1mQuando Redis est√° desabilitado[m
[[1;34mINFO[m] [1mTests run: [0;1m0[m, Failures: 0, Errors: 0, Skipped: 0, Time elapsed: 0.021 s -- in com.rulex.service.[1mVelocityServiceFacadeTest[m
[[1;34mINFO[m] Running com.rulex.service.[1mAdvancedRuleEngineServiceTest[m
15:32:38.238 [main] INFO com.rulex.service.AdvancedRuleEngineService -- Executando regras avan√ßadas do banco de dados para transa√ß√£o: tx-adv-1
15:32:38.239 [main] INFO com.rulex.service.AdvancedRuleEngineService -- Executando regras avan√ßadas do banco de dados para transa√ß√£o: tx-adv-1
15:32:38.240 [main] INFO com.rulex.service.AdvancedRuleEngineService -- Executando regras avan√ßadas do banco de dados para transa√ß√£o: tx-adv-1
15:32:38.241 [main] INFO com.rulex.service.AdvancedRuleEngineService -- Executando regras avan√ßadas do banco de dados para transa√ß√£o: tx-adv-1
15:32:38.242 [main] INFO com.rulex.service.AdvancedRuleEngineService -- Executando regras avan√ßadas do banco de dados para transa√ß√£o: tx-adv-1
[[1;34mINFO[m] [1;32mTests run: [0;1;32m5[m, Failures: 0, Errors: 0, Skipped: 0, Time elapsed: 0.038 s -- in com.rulex.service.[1mAdvancedRuleEngineServiceTest[m
[[1;34mINFO[m] 
[[1;34mINFO[m] Results:
[[1;34mINFO[m] 
[[1;34mINFO[m] [1;32mTests run: 279, Failures: 0, Errors: 0, Skipped: 0[m
[[1;34mINFO[m] 
[[1;34mINFO[m] [1m------------------------------------------------------------------------[m
[[1;34mINFO[m] [1;32mBUILD SUCCESS[m
[[1;34mINFO[m] [1m------------------------------------------------------------------------[m
[[1;34mINFO[m] Total time:  11.087 s
[[1;34mINFO[m] Finished at: 2026-01-16T15:32:38Z
[[1;34mINFO[m] [1m------------------------------------------------------------------------[m
